[2024-04-22T20:47:11.151+0000] {local_task_job_runner.py:120} INFO - ::group::Pre task execution logs
[2024-04-22T20:47:11.208+0000] {taskinstance.py:2073} INFO - Dependencies all met for dep_context=non-requeueable deps ti=<TaskInstance: amazon_daily_ingest.create_table manual__2024-04-22T20:47:08.820702+00:00 [queued]>
[2024-04-22T20:47:11.219+0000] {taskinstance.py:2073} INFO - Dependencies all met for dep_context=requeueable deps ti=<TaskInstance: amazon_daily_ingest.create_table manual__2024-04-22T20:47:08.820702+00:00 [queued]>
[2024-04-22T20:47:11.220+0000] {taskinstance.py:2303} INFO - Starting attempt 1 of 1
[2024-04-22T20:47:11.229+0000] {taskinstance.py:2327} INFO - Executing <Task(SnowflakeOperator): create_table> on 2024-04-22 20:47:08.820702+00:00
[2024-04-22T20:47:11.238+0000] {warnings.py:110} WARNING - /home/***/.local/lib/python3.12/site-packages/***/task/task_runner/standard_task_runner.py:61: DeprecationWarning: This process (pid=1290) is multi-threaded, use of fork() may lead to deadlocks in the child.
  pid = os.fork()

[2024-04-22T20:47:11.240+0000] {standard_task_runner.py:63} INFO - Started process 1294 to run task
[2024-04-22T20:47:11.241+0000] {standard_task_runner.py:90} INFO - Running: ['***', 'tasks', 'run', 'amazon_daily_ingest', 'create_table', 'manual__2024-04-22T20:47:08.820702+00:00', '--job-id', '28', '--raw', '--subdir', 'DAGS_FOLDER/amazon/dag.py', '--cfg-path', '/tmp/tmpfeog2kh_']
[2024-04-22T20:47:11.241+0000] {standard_task_runner.py:91} INFO - Job 28: Subtask create_table
[2024-04-22T20:47:11.282+0000] {task_command.py:426} INFO - Running <TaskInstance: amazon_daily_ingest.create_table manual__2024-04-22T20:47:08.820702+00:00 [running]> on host 21d660d07eb5
[2024-04-22T20:47:11.343+0000] {taskinstance.py:2644} INFO - Exporting env vars: AIRFLOW_CTX_DAG_OWNER='***' AIRFLOW_CTX_DAG_ID='amazon_daily_ingest' AIRFLOW_CTX_TASK_ID='create_table' AIRFLOW_CTX_EXECUTION_DATE='2024-04-22T20:47:08.820702+00:00' AIRFLOW_CTX_TRY_NUMBER='1' AIRFLOW_CTX_DAG_RUN_ID='manual__2024-04-22T20:47:08.820702+00:00'
[2024-04-22T20:47:11.347+0000] {taskinstance.py:430} INFO - ::endgroup::
[2024-04-22T20:47:11.348+0000] {sql.py:276} INFO - Executing: CREATE OR REPLACE TABLE AMAZON.RAW.daily_data_s3
                    (reviewerID varchar,
                     asin varchar,
                     overall integer,
                     reviewerName varchar,
                     reviewText varchar,
                     summary varchar,
                     unixReviewTime string);
[2024-04-22T20:47:11.358+0000] {base.py:84} INFO - Using connection ID 'snowflake_trial' for task execution.
[2024-04-22T20:47:11.368+0000] {base.py:84} INFO - Using connection ID 'snowflake_trial' for task execution.
[2024-04-22T20:47:11.368+0000] {connection.py:386} INFO - Snowflake Connector for Python Version: 3.7.1, Python Version: 3.12.2, Platform: Linux-6.6.16-linuxkit-aarch64-with-glibc2.36
[2024-04-22T20:47:11.369+0000] {connection.py:1211} INFO - This connection is in OCSP Fail Open Mode. TLS Certificates would be checked for validity and revocation status. Any other Certificate Revocation related exceptions or OCSP Responder failures would be disregarded in favor of connectivity.
[2024-04-22T20:47:11.756+0000] {cursor.py:1032} INFO - query: [ALTER SESSION SET autocommit=False]
[2024-04-22T20:47:11.834+0000] {cursor.py:1045} INFO - query execution done
[2024-04-22T20:47:11.836+0000] {cursor.py:1205} INFO - Number of results in first chunk: 1
[2024-04-22T20:47:11.836+0000] {sql.py:457} INFO - Running statement: CREATE OR REPLACE TABLE AMAZON.RAW.daily_data_s3
                    (reviewerID varchar,
                     asin varchar,
                     overall integer,
                     reviewerName varchar,
                     reviewText varchar,
                     summary varchar,
                     unixReviewTime string);, parameters: None
[2024-04-22T20:47:11.837+0000] {cursor.py:1032} INFO - query: [CREATE OR REPLACE TABLE AMAZON.RAW.daily_data_s3 (reviewerID varchar, asin varch...]
[2024-04-22T20:47:11.999+0000] {cursor.py:1045} INFO - query execution done
[2024-04-22T20:47:11.999+0000] {cursor.py:1205} INFO - Number of results in first chunk: 1
[2024-04-22T20:47:12.000+0000] {sql.py:466} INFO - Rows affected: 1
[2024-04-22T20:47:12.000+0000] {warnings.py:110} WARNING - /home/***/.local/lib/python3.12/site-packages/***/providers/snowflake/hooks/snowflake.py:393: AirflowProviderDeprecationWarning: Call to deprecated method _make_common_data_structure. (The `_make_serializable` method is deprecated and support will be removed in a future version of the common.sql provider. Please update the DbApiHook's provider to a version based on common.sql >= 1.9.1.)
  result = self._make_common_data_structure(handler(cur))  # type: ignore[attr-defined]

[2024-04-22T20:47:12.001+0000] {snowflake.py:402} INFO - Rows affected: 1
[2024-04-22T20:47:12.001+0000] {snowflake.py:403} INFO - Snowflake query id: 01b3d8bf-0000-df07-0001-980e00014036
[2024-04-22T20:47:12.001+0000] {cursor.py:1032} INFO - query: [COMMIT]
[2024-04-22T20:47:12.059+0000] {cursor.py:1045} INFO - query execution done
[2024-04-22T20:47:12.061+0000] {cursor.py:1205} INFO - Number of results in first chunk: 1
[2024-04-22T20:47:12.061+0000] {connection.py:734} INFO - closed
[2024-04-22T20:47:12.088+0000] {connection.py:740} INFO - No async queries seem to be running, deleting session
[2024-04-22T20:47:12.115+0000] {taskinstance.py:441} INFO - ::group::Post task execution logs
[2024-04-22T20:47:12.128+0000] {taskinstance.py:1205} INFO - Marking task as SUCCESS. dag_id=amazon_daily_ingest, task_id=create_table, execution_date=20240422T204708, start_date=20240422T204711, end_date=20240422T204712
[2024-04-22T20:47:12.175+0000] {local_task_job_runner.py:240} INFO - Task exited with return code 0
[2024-04-22T20:47:12.186+0000] {warnings.py:110} WARNING - /home/***/.local/lib/python3.12/site-packages/***/models/baseoperator.py:1296: AirflowProviderDeprecationWarning: Call to deprecated class SnowflakeOperator. (This class is deprecated. Please use `***.providers.common.sql.operators.sql.SQLExecuteQueryOperator`. Also, you can provide `hook_params={'warehouse': <warehouse>, 'database': <database>, 'role': <role>, 'schema': <schema>, 'authenticator': <authenticator>,'session_parameters': <session_parameters>}`.)
  result = cls.__new__(cls)

[2024-04-22T20:47:12.204+0000] {taskinstance.py:3482} INFO - 1 downstream tasks scheduled from follow-on schedule check
[2024-04-22T20:47:12.205+0000] {local_task_job_runner.py:222} INFO - ::endgroup::
