[2024-04-22T20:47:22.057+0000] {local_task_job_runner.py:120} INFO - ::group::Pre task execution logs
[2024-04-22T20:47:22.067+0000] {taskinstance.py:2073} INFO - Dependencies all met for dep_context=non-requeueable deps ti=<TaskInstance: amazon_daily_ingest.insert manual__2024-04-22T20:47:08.820702+00:00 [queued]>
[2024-04-22T20:47:22.070+0000] {taskinstance.py:2073} INFO - Dependencies all met for dep_context=requeueable deps ti=<TaskInstance: amazon_daily_ingest.insert manual__2024-04-22T20:47:08.820702+00:00 [queued]>
[2024-04-22T20:47:22.070+0000] {taskinstance.py:2303} INFO - Starting attempt 1 of 1
[2024-04-22T20:47:22.075+0000] {taskinstance.py:2327} INFO - Executing <Task(SnowflakeOperator): insert> on 2024-04-22 20:47:08.820702+00:00
[2024-04-22T20:47:22.081+0000] {warnings.py:110} WARNING - /home/***/.local/lib/python3.12/site-packages/***/task/task_runner/standard_task_runner.py:61: DeprecationWarning: This process (pid=1301) is multi-threaded, use of fork() may lead to deadlocks in the child.
  pid = os.fork()

[2024-04-22T20:47:22.083+0000] {standard_task_runner.py:63} INFO - Started process 1303 to run task
[2024-04-22T20:47:22.082+0000] {standard_task_runner.py:90} INFO - Running: ['***', 'tasks', 'run', 'amazon_daily_ingest', 'insert', 'manual__2024-04-22T20:47:08.820702+00:00', '--job-id', '31', '--raw', '--subdir', 'DAGS_FOLDER/amazon/dag.py', '--cfg-path', '/tmp/tmpbs02w9y3']
[2024-04-22T20:47:22.083+0000] {standard_task_runner.py:91} INFO - Job 31: Subtask insert
[2024-04-22T20:47:22.105+0000] {task_command.py:426} INFO - Running <TaskInstance: amazon_daily_ingest.insert manual__2024-04-22T20:47:08.820702+00:00 [running]> on host 21d660d07eb5
[2024-04-22T20:47:22.145+0000] {taskinstance.py:2644} INFO - Exporting env vars: AIRFLOW_CTX_DAG_OWNER='***' AIRFLOW_CTX_DAG_ID='amazon_daily_ingest' AIRFLOW_CTX_TASK_ID='insert' AIRFLOW_CTX_EXECUTION_DATE='2024-04-22T20:47:08.820702+00:00' AIRFLOW_CTX_TRY_NUMBER='1' AIRFLOW_CTX_DAG_RUN_ID='manual__2024-04-22T20:47:08.820702+00:00'
[2024-04-22T20:47:22.147+0000] {taskinstance.py:430} INFO - ::endgroup::
[2024-04-22T20:47:22.147+0000] {sql.py:276} INFO - Executing: insert into  AMAZON.RAW.FCT_DAILY_REVIEWS
select *, 'manual__2024-04-22T20:47:08.820702+00:00' etl_id
from AMAZON.RAW.daily_data_s3
[2024-04-22T20:47:22.154+0000] {base.py:84} INFO - Using connection ID 'snowflake_trial' for task execution.
[2024-04-22T20:47:22.160+0000] {base.py:84} INFO - Using connection ID 'snowflake_trial' for task execution.
[2024-04-22T20:47:22.161+0000] {connection.py:386} INFO - Snowflake Connector for Python Version: 3.7.1, Python Version: 3.12.2, Platform: Linux-6.6.16-linuxkit-aarch64-with-glibc2.36
[2024-04-22T20:47:22.161+0000] {connection.py:1211} INFO - This connection is in OCSP Fail Open Mode. TLS Certificates would be checked for validity and revocation status. Any other Certificate Revocation related exceptions or OCSP Responder failures would be disregarded in favor of connectivity.
[2024-04-22T20:47:22.390+0000] {cursor.py:1032} INFO - query: [ALTER SESSION SET autocommit=False]
[2024-04-22T20:47:22.438+0000] {cursor.py:1045} INFO - query execution done
[2024-04-22T20:47:22.439+0000] {cursor.py:1205} INFO - Number of results in first chunk: 1
[2024-04-22T20:47:22.439+0000] {sql.py:457} INFO - Running statement: insert into  AMAZON.RAW.FCT_DAILY_REVIEWS
select *, 'manual__2024-04-22T20:47:08.820702+00:00' etl_id
from AMAZON.RAW.daily_data_s3, parameters: None
[2024-04-22T20:47:22.439+0000] {cursor.py:1032} INFO - query: [insert into  AMAZON.RAW.FCT_DAILY_REVIEWS select *, 'manual__2024-04-22T20:47:08...]
[2024-04-22T20:47:22.874+0000] {cursor.py:1045} INFO - query execution done
[2024-04-22T20:47:22.877+0000] {sql.py:466} INFO - Rows affected: 1032
[2024-04-22T20:47:22.880+0000] {warnings.py:110} WARNING - /home/***/.local/lib/python3.12/site-packages/***/providers/snowflake/hooks/snowflake.py:393: AirflowProviderDeprecationWarning: Call to deprecated method _make_common_data_structure. (The `_make_serializable` method is deprecated and support will be removed in a future version of the common.sql provider. Please update the DbApiHook's provider to a version based on common.sql >= 1.9.1.)
  result = self._make_common_data_structure(handler(cur))  # type: ignore[attr-defined]

[2024-04-22T20:47:22.882+0000] {snowflake.py:402} INFO - Rows affected: 1032
[2024-04-22T20:47:22.883+0000] {snowflake.py:403} INFO - Snowflake query id: 01b3d8bf-0000-df07-0001-980e00014056
[2024-04-22T20:47:22.884+0000] {cursor.py:1032} INFO - query: [COMMIT]
[2024-04-22T20:47:23.063+0000] {cursor.py:1045} INFO - query execution done
[2024-04-22T20:47:23.064+0000] {cursor.py:1205} INFO - Number of results in first chunk: 1
[2024-04-22T20:47:23.065+0000] {connection.py:734} INFO - closed
[2024-04-22T20:47:23.088+0000] {connection.py:740} INFO - No async queries seem to be running, deleting session
[2024-04-22T20:47:23.114+0000] {taskinstance.py:441} INFO - ::group::Post task execution logs
[2024-04-22T20:47:23.134+0000] {taskinstance.py:1205} INFO - Marking task as SUCCESS. dag_id=amazon_daily_ingest, task_id=insert, execution_date=20240422T204708, start_date=20240422T204722, end_date=20240422T204723
[2024-04-22T20:47:23.177+0000] {local_task_job_runner.py:240} INFO - Task exited with return code 0
[2024-04-22T20:47:23.187+0000] {warnings.py:110} WARNING - /home/***/.local/lib/python3.12/site-packages/***/models/baseoperator.py:1296: AirflowProviderDeprecationWarning: Call to deprecated class SnowflakeOperator. (This class is deprecated. Please use `***.providers.common.sql.operators.sql.SQLExecuteQueryOperator`. Also, you can provide `hook_params={'warehouse': <warehouse>, 'database': <database>, 'role': <role>, 'schema': <schema>, 'authenticator': <authenticator>,'session_parameters': <session_parameters>}`.)
  result = cls.__new__(cls)

[2024-04-22T20:47:23.197+0000] {taskinstance.py:3482} INFO - 1 downstream tasks scheduled from follow-on schedule check
[2024-04-22T20:47:23.197+0000] {local_task_job_runner.py:222} INFO - ::endgroup::
