[2024-04-22T20:47:24.373+0000] {local_task_job_runner.py:120} INFO - ::group::Pre task execution logs
[2024-04-22T20:47:24.392+0000] {taskinstance.py:2073} INFO - Dependencies all met for dep_context=non-requeueable deps ti=<TaskInstance: amazon_daily_ingest.show_dupes manual__2024-04-22T20:47:08.820702+00:00 [queued]>
[2024-04-22T20:47:24.395+0000] {taskinstance.py:2073} INFO - Dependencies all met for dep_context=requeueable deps ti=<TaskInstance: amazon_daily_ingest.show_dupes manual__2024-04-22T20:47:08.820702+00:00 [queued]>
[2024-04-22T20:47:24.395+0000] {taskinstance.py:2303} INFO - Starting attempt 1 of 1
[2024-04-22T20:47:24.401+0000] {taskinstance.py:2327} INFO - Executing <Task(SnowflakeOperator): show_dupes> on 2024-04-22 20:47:08.820702+00:00
[2024-04-22T20:47:24.408+0000] {warnings.py:110} WARNING - /home/***/.local/lib/python3.12/site-packages/***/task/task_runner/standard_task_runner.py:61: DeprecationWarning: This process (pid=1304) is multi-threaded, use of fork() may lead to deadlocks in the child.
  pid = os.fork()

[2024-04-22T20:47:24.409+0000] {standard_task_runner.py:63} INFO - Started process 1313 to run task
[2024-04-22T20:47:24.409+0000] {standard_task_runner.py:90} INFO - Running: ['***', 'tasks', 'run', 'amazon_daily_ingest', 'show_dupes', 'manual__2024-04-22T20:47:08.820702+00:00', '--job-id', '32', '--raw', '--subdir', 'DAGS_FOLDER/amazon/dag.py', '--cfg-path', '/tmp/tmpnyxqlpt5']
[2024-04-22T20:47:24.411+0000] {standard_task_runner.py:91} INFO - Job 32: Subtask show_dupes
[2024-04-22T20:47:24.454+0000] {task_command.py:426} INFO - Running <TaskInstance: amazon_daily_ingest.show_dupes manual__2024-04-22T20:47:08.820702+00:00 [running]> on host 21d660d07eb5
[2024-04-22T20:47:24.501+0000] {taskinstance.py:2644} INFO - Exporting env vars: AIRFLOW_CTX_DAG_OWNER='***' AIRFLOW_CTX_DAG_ID='amazon_daily_ingest' AIRFLOW_CTX_TASK_ID='show_dupes' AIRFLOW_CTX_EXECUTION_DATE='2024-04-22T20:47:08.820702+00:00' AIRFLOW_CTX_TRY_NUMBER='1' AIRFLOW_CTX_DAG_RUN_ID='manual__2024-04-22T20:47:08.820702+00:00'
[2024-04-22T20:47:24.503+0000] {taskinstance.py:430} INFO - ::endgroup::
[2024-04-22T20:47:24.504+0000] {sql.py:276} INFO - Executing: 
[2024-04-22T20:47:24.511+0000] {base.py:84} INFO - Using connection ID 'snowflake_trial' for task execution.
[2024-04-22T20:47:24.513+0000] {taskinstance.py:441} INFO - ::group::Post task execution logs
[2024-04-22T20:47:24.513+0000] {taskinstance.py:2890} ERROR - Task failed with exception
Traceback (most recent call last):
  File "/home/airflow/.local/lib/python3.12/site-packages/airflow/models/taskinstance.py", line 465, in _execute_task
    result = _execute_callable(context=context, **execute_callable_kwargs)
             ^^^^^^^^^^^^^^^^^^^^^^^^^^^^^^^^^^^^^^^^^^^^^^^^^^^^^^^^^^^^^
  File "/home/airflow/.local/lib/python3.12/site-packages/airflow/models/taskinstance.py", line 432, in _execute_callable
    return execute_callable(context=context, **execute_callable_kwargs)
           ^^^^^^^^^^^^^^^^^^^^^^^^^^^^^^^^^^^^^^^^^^^^^^^^^^^^^^^^^^^^
  File "/home/airflow/.local/lib/python3.12/site-packages/airflow/models/baseoperator.py", line 400, in wrapper
    return func(self, *args, **kwargs)
           ^^^^^^^^^^^^^^^^^^^^^^^^^^^
  File "/home/airflow/.local/lib/python3.12/site-packages/airflow/providers/common/sql/operators/sql.py", line 282, in execute
    output = hook.run(
             ^^^^^^^^^
  File "/home/airflow/.local/lib/python3.12/site-packages/airflow/providers/snowflake/hooks/snowflake.py", line 382, in run
    raise ValueError("List of SQL statements is empty")
ValueError: List of SQL statements is empty
[2024-04-22T20:47:24.519+0000] {taskinstance.py:1205} INFO - Marking task as FAILED. dag_id=amazon_daily_ingest, task_id=show_dupes, execution_date=20240422T204708, start_date=20240422T204724, end_date=20240422T204724
[2024-04-22T20:47:24.526+0000] {standard_task_runner.py:110} ERROR - Failed to execute job 32 for task show_dupes (List of SQL statements is empty; 1313)
[2024-04-22T20:47:24.550+0000] {local_task_job_runner.py:240} INFO - Task exited with return code 1
[2024-04-22T20:47:24.558+0000] {warnings.py:110} WARNING - /home/***/.local/lib/python3.12/site-packages/***/models/baseoperator.py:1296: AirflowProviderDeprecationWarning: Call to deprecated class SnowflakeOperator. (This class is deprecated. Please use `***.providers.common.sql.operators.sql.SQLExecuteQueryOperator`. Also, you can provide `hook_params={'warehouse': <warehouse>, 'database': <database>, 'role': <role>, 'schema': <schema>, 'authenticator': <authenticator>,'session_parameters': <session_parameters>}`.)
  result = cls.__new__(cls)

[2024-04-22T20:47:24.565+0000] {taskinstance.py:3482} INFO - 0 downstream tasks scheduled from follow-on schedule check
[2024-04-22T20:47:24.567+0000] {local_task_job_runner.py:222} INFO - ::endgroup::
