[2024-04-22T20:56:26.911+0000] {local_task_job_runner.py:120} INFO - ::group::Pre task execution logs
[2024-04-22T20:56:26.921+0000] {taskinstance.py:2073} INFO - Dependencies all met for dep_context=non-requeueable deps ti=<TaskInstance: amazon_daily_ingest.delete manual__2024-04-22T20:55:45.406068+00:00 [queued]>
[2024-04-22T20:56:26.924+0000] {taskinstance.py:2073} INFO - Dependencies all met for dep_context=requeueable deps ti=<TaskInstance: amazon_daily_ingest.delete manual__2024-04-22T20:55:45.406068+00:00 [queued]>
[2024-04-22T20:56:26.925+0000] {taskinstance.py:2303} INFO - Starting attempt 1 of 1
[2024-04-22T20:56:26.929+0000] {taskinstance.py:2327} INFO - Executing <Task(SnowflakeOperator): delete> on 2024-04-22 20:55:45.406068+00:00
[2024-04-22T20:56:26.934+0000] {warnings.py:110} WARNING - /home/***/.local/lib/python3.12/site-packages/***/task/task_runner/standard_task_runner.py:61: DeprecationWarning: This process (pid=1458) is multi-threaded, use of fork() may lead to deadlocks in the child.
  pid = os.fork()

[2024-04-22T20:56:26.935+0000] {standard_task_runner.py:63} INFO - Started process 1460 to run task
[2024-04-22T20:56:26.935+0000] {standard_task_runner.py:90} INFO - Running: ['***', 'tasks', 'run', 'amazon_daily_ingest', 'delete', 'manual__2024-04-22T20:55:45.406068+00:00', '--job-id', '44', '--raw', '--subdir', 'DAGS_FOLDER/amazon/dag.py', '--cfg-path', '/tmp/tmpidmml7r5']
[2024-04-22T20:56:26.935+0000] {standard_task_runner.py:91} INFO - Job 44: Subtask delete
[2024-04-22T20:56:26.952+0000] {task_command.py:426} INFO - Running <TaskInstance: amazon_daily_ingest.delete manual__2024-04-22T20:55:45.406068+00:00 [running]> on host 21d660d07eb5
[2024-04-22T20:56:26.984+0000] {taskinstance.py:2644} INFO - Exporting env vars: AIRFLOW_CTX_DAG_OWNER='***' AIRFLOW_CTX_DAG_ID='amazon_daily_ingest' AIRFLOW_CTX_TASK_ID='delete' AIRFLOW_CTX_EXECUTION_DATE='2024-04-22T20:55:45.406068+00:00' AIRFLOW_CTX_TRY_NUMBER='1' AIRFLOW_CTX_DAG_RUN_ID='manual__2024-04-22T20:55:45.406068+00:00'
[2024-04-22T20:56:26.985+0000] {taskinstance.py:430} INFO - ::endgroup::
[2024-04-22T20:56:26.986+0000] {sql.py:276} INFO - Executing: DELETE FROM AMAZON.RAW.FCT_DAILY_REVIEWS
where
etl_id = 'manual__2024-04-22T20:55:45.406068+00:00';
[2024-04-22T20:56:26.994+0000] {base.py:84} INFO - Using connection ID 'snowflake_trial' for task execution.
[2024-04-22T20:56:26.999+0000] {base.py:84} INFO - Using connection ID 'snowflake_trial' for task execution.
[2024-04-22T20:56:26.999+0000] {connection.py:386} INFO - Snowflake Connector for Python Version: 3.7.1, Python Version: 3.12.2, Platform: Linux-6.6.16-linuxkit-aarch64-with-glibc2.36
[2024-04-22T20:56:27.000+0000] {connection.py:1211} INFO - This connection is in OCSP Fail Open Mode. TLS Certificates would be checked for validity and revocation status. Any other Certificate Revocation related exceptions or OCSP Responder failures would be disregarded in favor of connectivity.
[2024-04-22T20:56:27.297+0000] {cursor.py:1032} INFO - query: [ALTER SESSION SET autocommit=False]
[2024-04-22T20:56:27.346+0000] {cursor.py:1045} INFO - query execution done
[2024-04-22T20:56:27.347+0000] {cursor.py:1205} INFO - Number of results in first chunk: 1
[2024-04-22T20:56:27.347+0000] {sql.py:457} INFO - Running statement: DELETE FROM AMAZON.RAW.FCT_DAILY_REVIEWS
where
etl_id = 'manual__2024-04-22T20:55:45.406068+00:00';, parameters: None
[2024-04-22T20:56:27.347+0000] {cursor.py:1032} INFO - query: [DELETE FROM AMAZON.RAW.FCT_DAILY_REVIEWS where etl_id = 'manual__2024-04-22T20:5...]
[2024-04-22T20:56:27.503+0000] {cursor.py:1045} INFO - query execution done
[2024-04-22T20:56:27.504+0000] {sql.py:466} INFO - Rows affected: 0
[2024-04-22T20:56:27.506+0000] {warnings.py:110} WARNING - /home/***/.local/lib/python3.12/site-packages/***/providers/snowflake/hooks/snowflake.py:393: AirflowProviderDeprecationWarning: Call to deprecated method _make_common_data_structure. (The `_make_serializable` method is deprecated and support will be removed in a future version of the common.sql provider. Please update the DbApiHook's provider to a version based on common.sql >= 1.9.1.)
  result = self._make_common_data_structure(handler(cur))  # type: ignore[attr-defined]

[2024-04-22T20:56:27.507+0000] {snowflake.py:402} INFO - Rows affected: 0
[2024-04-22T20:56:27.507+0000] {snowflake.py:403} INFO - Snowflake query id: 01b3d8c8-0000-df09-0001-980e000150b2
[2024-04-22T20:56:27.507+0000] {cursor.py:1032} INFO - query: [COMMIT]
[2024-04-22T20:56:27.596+0000] {cursor.py:1045} INFO - query execution done
[2024-04-22T20:56:27.597+0000] {cursor.py:1205} INFO - Number of results in first chunk: 1
[2024-04-22T20:56:27.598+0000] {connection.py:734} INFO - closed
[2024-04-22T20:56:27.619+0000] {connection.py:740} INFO - No async queries seem to be running, deleting session
[2024-04-22T20:56:27.645+0000] {taskinstance.py:441} INFO - ::group::Post task execution logs
[2024-04-22T20:56:27.686+0000] {taskinstance.py:1205} INFO - Marking task as SUCCESS. dag_id=amazon_daily_ingest, task_id=delete, execution_date=20240422T205545, start_date=20240422T205626, end_date=20240422T205627
[2024-04-22T20:56:27.711+0000] {local_task_job_runner.py:240} INFO - Task exited with return code 0
[2024-04-22T20:56:27.722+0000] {warnings.py:110} WARNING - /home/***/.local/lib/python3.12/site-packages/***/models/baseoperator.py:1296: AirflowProviderDeprecationWarning: Call to deprecated class SnowflakeOperator. (This class is deprecated. Please use `***.providers.common.sql.operators.sql.SQLExecuteQueryOperator`. Also, you can provide `hook_params={'warehouse': <warehouse>, 'database': <database>, 'role': <role>, 'schema': <schema>, 'authenticator': <authenticator>,'session_parameters': <session_parameters>}`.)
  result = cls.__new__(cls)

[2024-04-22T20:56:27.732+0000] {taskinstance.py:3482} INFO - 1 downstream tasks scheduled from follow-on schedule check
[2024-04-22T20:56:27.732+0000] {local_task_job_runner.py:222} INFO - ::endgroup::
