[2024-04-22T20:10:05.176+0000] {local_task_job_runner.py:120} INFO - ::group::Pre task execution logs
[2024-04-22T20:10:05.189+0000] {taskinstance.py:2073} INFO - Dependencies all met for dep_context=non-requeueable deps ti=<TaskInstance: amazon_daily_ingest.create_table scheduled__2024-03-01T00:00:00+00:00 [queued]>
[2024-04-22T20:10:05.192+0000] {taskinstance.py:2073} INFO - Dependencies all met for dep_context=requeueable deps ti=<TaskInstance: amazon_daily_ingest.create_table scheduled__2024-03-01T00:00:00+00:00 [queued]>
[2024-04-22T20:10:05.193+0000] {taskinstance.py:2303} INFO - Starting attempt 1 of 1
[2024-04-22T20:10:05.197+0000] {taskinstance.py:2327} INFO - Executing <Task(SnowflakeOperator): create_table> on 2024-03-01 00:00:00+00:00
[2024-04-22T20:10:05.207+0000] {warnings.py:110} WARNING - /home/***/.local/lib/python3.12/site-packages/***/task/task_runner/standard_task_runner.py:61: DeprecationWarning: This process (pid=749) is multi-threaded, use of fork() may lead to deadlocks in the child.
  pid = os.fork()

[2024-04-22T20:10:05.208+0000] {standard_task_runner.py:63} INFO - Started process 751 to run task
[2024-04-22T20:10:05.208+0000] {standard_task_runner.py:90} INFO - Running: ['***', 'tasks', 'run', 'amazon_daily_ingest', 'create_table', 'scheduled__2024-03-01T00:00:00+00:00', '--job-id', '10', '--raw', '--subdir', 'DAGS_FOLDER/amazon/dag.py', '--cfg-path', '/tmp/tmp67nutncj']
[2024-04-22T20:10:05.209+0000] {standard_task_runner.py:91} INFO - Job 10: Subtask create_table
[2024-04-22T20:10:05.234+0000] {task_command.py:426} INFO - Running <TaskInstance: amazon_daily_ingest.create_table scheduled__2024-03-01T00:00:00+00:00 [running]> on host 21d660d07eb5
[2024-04-22T20:10:05.277+0000] {taskinstance.py:2644} INFO - Exporting env vars: AIRFLOW_CTX_DAG_OWNER='***' AIRFLOW_CTX_DAG_ID='amazon_daily_ingest' AIRFLOW_CTX_TASK_ID='create_table' AIRFLOW_CTX_EXECUTION_DATE='2024-03-01T00:00:00+00:00' AIRFLOW_CTX_TRY_NUMBER='1' AIRFLOW_CTX_DAG_RUN_ID='scheduled__2024-03-01T00:00:00+00:00'
[2024-04-22T20:10:05.278+0000] {taskinstance.py:430} INFO - ::endgroup::
[2024-04-22T20:10:05.278+0000] {sql.py:276} INFO - Executing: CREATE OR REPLACE TABLE ***_test
                    (reviewerID varchar,
                     asin varchar);
[2024-04-22T20:10:05.285+0000] {base.py:84} INFO - Using connection ID 'snowflake_trial' for task execution.
[2024-04-22T20:10:05.290+0000] {base.py:84} INFO - Using connection ID 'snowflake_trial' for task execution.
[2024-04-22T20:10:05.290+0000] {connection.py:386} INFO - Snowflake Connector for Python Version: 3.7.1, Python Version: 3.12.2, Platform: Linux-6.6.16-linuxkit-aarch64-with-glibc2.36
[2024-04-22T20:10:05.291+0000] {connection.py:1211} INFO - This connection is in OCSP Fail Open Mode. TLS Certificates would be checked for validity and revocation status. Any other Certificate Revocation related exceptions or OCSP Responder failures would be disregarded in favor of connectivity.
[2024-04-22T20:10:05.660+0000] {cursor.py:1032} INFO - query: [ALTER SESSION SET autocommit=False]
[2024-04-22T20:10:05.736+0000] {cursor.py:1045} INFO - query execution done
[2024-04-22T20:10:05.739+0000] {cursor.py:1205} INFO - Number of results in first chunk: 1
[2024-04-22T20:10:05.740+0000] {sql.py:457} INFO - Running statement: CREATE OR REPLACE TABLE ***_test
                    (reviewerID varchar,
                     asin varchar);, parameters: None
[2024-04-22T20:10:05.741+0000] {cursor.py:1032} INFO - query: [CREATE OR REPLACE TABLE ***_test (reviewerID varchar, asin varchar);]
[2024-04-22T20:10:05.921+0000] {cursor.py:1045} INFO - query execution done
[2024-04-22T20:10:05.921+0000] {cursor.py:1205} INFO - Number of results in first chunk: 1
[2024-04-22T20:10:05.923+0000] {sql.py:466} INFO - Rows affected: 1
[2024-04-22T20:10:05.926+0000] {warnings.py:110} WARNING - /home/***/.local/lib/python3.12/site-packages/***/providers/snowflake/hooks/snowflake.py:393: AirflowProviderDeprecationWarning: Call to deprecated method _make_common_data_structure. (The `_make_serializable` method is deprecated and support will be removed in a future version of the common.sql provider. Please update the DbApiHook's provider to a version based on common.sql >= 1.9.1.)
  result = self._make_common_data_structure(handler(cur))  # type: ignore[attr-defined]

[2024-04-22T20:10:05.927+0000] {snowflake.py:402} INFO - Rows affected: 1
[2024-04-22T20:10:05.928+0000] {snowflake.py:403} INFO - Snowflake query id: 01b3d89a-0000-dec7-0001-980e000130d2
[2024-04-22T20:10:05.929+0000] {cursor.py:1032} INFO - query: [COMMIT]
[2024-04-22T20:10:05.973+0000] {cursor.py:1045} INFO - query execution done
[2024-04-22T20:10:05.974+0000] {cursor.py:1205} INFO - Number of results in first chunk: 1
[2024-04-22T20:10:05.974+0000] {connection.py:734} INFO - closed
[2024-04-22T20:10:05.999+0000] {connection.py:740} INFO - No async queries seem to be running, deleting session
[2024-04-22T20:10:06.025+0000] {taskinstance.py:441} INFO - ::group::Post task execution logs
[2024-04-22T20:10:06.036+0000] {taskinstance.py:1205} INFO - Marking task as SUCCESS. dag_id=amazon_daily_ingest, task_id=create_table, execution_date=20240301T000000, start_date=20240422T201005, end_date=20240422T201006
[2024-04-22T20:10:06.079+0000] {local_task_job_runner.py:240} INFO - Task exited with return code 0
[2024-04-22T20:10:06.105+0000] {taskinstance.py:3482} INFO - 0 downstream tasks scheduled from follow-on schedule check
[2024-04-22T20:10:06.106+0000] {local_task_job_runner.py:222} INFO - ::endgroup::
